<?xml version="1.0" encoding="UTF-8"?>

<flow xmlns="http://www.springframework.org/schema/webflow"
	xmlns:xsi="http://www.w3.org/2001/XMLSchema-instance"
	xsi:schemaLocation="http://www.springframework.org/schema/webflow
	http://www.springframework.org/schema/webflow/spring-webflow-2.0.xsd"
	>
	
	 <view-state id="test" view="/WEB-INF/views/edit.jsp">
        <transition on="submitRegistration" to="accountAdded"/>
        <transition on="cancelRegistration" to="cancelRegistration"/>
    </view-state>
	
	
	
</flow>